<?xml version="1.0" encoding="UTF-8"?>
<!-- Generated by org.testng.reporters.JUnitReportReporter -->
<testsuite hostname="LAPTOP-O27S96EV" failures="0" tests="1" name="com.projectname.qa.Test_class_for_login_page" time="1.040" errors="0" timestamp="2022-08-26T22:54:52 IST" skipped="0">
  <testcase classname="com.projectname.qa.Test_class_for_login_page" name="navigationalsteps" time="1.040"/>
  <system-out>
    <![CDATA[fblogoverificationonloginpage
fb_username_lineoverificationonloginpage
fb_username_lineoverificationonloginpage
fb_password_lineoverificationonloginpage
fb_loginpage_createpagelink
fb_loginpage_createnewaccount
fb_login_btn_verificationonloginpage
fb_loginpage_footerlinks]]>
  </system-out>
</testsuite> <!-- com.projectname.qa.Test_class_for_login_page -->
