<?xml version="1.0" encoding="UTF-8"?>
<!-- Generated by org.testng.reporters.JUnitReportReporter -->
<testsuite hostname="LAPTOP-O27S96EV" failures="0" tests="1" name="com.projectname.qa.Test_class_sign_up_page" time="1.943" errors="0" timestamp="2022-08-26T22:57:35 IST" skipped="0">
  <testcase classname="com.projectname.qa.Test_class_sign_up_page" name="navigational_steps_for_sign_up" time="1.943"/>
  <system-out>
    <![CDATA[sign up button is clicked
sign up page logo is verified
sign up page tagline is verified
sign up page first name is send
sign up page last name is send
sign up page email is send
sign up button is submitted]]>
  </system-out>
</testsuite> <!-- com.projectname.qa.Test_class_sign_up_page -->
